<?xml version="1.0" encoding="UTF-8"?>
<coverage generated="1516851790735" clover="3.2.0">
  <project timestamp="1516851790735" name="All files">
    <metrics statements="47" coveredstatements="44" conditionals="23" coveredconditionals="21" methods="15" coveredmethods="13" elements="85" coveredelements="78" complexity="0" loc="47" ncloc="47" packages="2" files="5" classes="5">
      <package name="src">
        <metrics statements="30" coveredstatements="28" conditionals="17" coveredconditionals="16" methods="12" coveredmethods="10"/>
        <file name="initial-transforms.ts" path="/Users/wilsonhobbs/Desktop/matrix/src/initial-transforms.ts">
          <metrics statements="15" coveredstatements="15" conditionals="10" coveredconditionals="10" methods="5" coveredmethods="5"/>
          <line num="2" count="5" type="stmt"/>
          <line num="4" count="9" type="stmt"/>
          <line num="5" count="9" type="stmt"/>
          <line num="6" count="28" type="cond" truecount="2" falsecount="0"/>
          <line num="7" count="1" type="stmt"/>
          <line num="10" count="8" type="stmt"/>
          <line num="12" count="5" type="stmt"/>
          <line num="14" count="11" type="stmt"/>
          <line num="15" count="11" type="stmt"/>
          <line num="16" count="34" type="cond" truecount="2" falsecount="0"/>
          <line num="17" count="2" type="stmt"/>
          <line num="21" count="9" type="cond" truecount="2" falsecount="0"/>
          <line num="22" count="3" type="stmt"/>
          <line num="24" count="9" type="stmt"/>
          <line num="26" count="5" type="stmt"/>
        </file>
        <file name="matrix.ts" path="/Users/wilsonhobbs/Desktop/matrix/src/matrix.ts">
          <metrics statements="15" coveredstatements="13" conditionals="7" coveredconditionals="6" methods="7" coveredmethods="5"/>
          <line num="2" count="5" type="stmt"/>
          <line num="3" count="5" type="stmt"/>
          <line num="4" count="5" type="stmt"/>
          <line num="5" count="5" type="stmt"/>
          <line num="6" count="5" type="stmt"/>
          <line num="9" count="11" type="stmt"/>
          <line num="10" count="9" type="cond" truecount="1" falsecount="1"/>
          <line num="11" count="8" type="stmt"/>
          <line num="15" count="3" type="stmt"/>
          <line num="21" count="8" type="stmt"/>
          <line num="24" count="4" type="cond" truecount="2" falsecount="0"/>
          <line num="27" count="2" type="cond" truecount="3" falsecount="0"/>
          <line num="30" count="0" type="stmt"/>
          <line num="33" count="0" type="stmt"/>
          <line num="36" count="5" type="stmt"/>
        </file>
      </package>
      <package name="src.getters">
        <metrics statements="17" coveredstatements="16" conditionals="6" coveredconditionals="5" methods="3" coveredmethods="3"/>
        <file name="is-diagonal.ts" path="/Users/wilsonhobbs/Desktop/matrix/src/getters/is-diagonal.ts">
          <metrics statements="7" coveredstatements="6" conditionals="4" coveredconditionals="3" methods="1" coveredmethods="1"/>
          <line num="2" count="5" type="stmt"/>
          <line num="4" count="1" type="stmt"/>
          <line num="5" count="3" type="stmt"/>
          <line num="6" count="9" type="cond" truecount="3" falsecount="1"/>
          <line num="7" count="0" type="stmt"/>
          <line num="11" count="1" type="stmt"/>
          <line num="13" count="5" type="stmt"/>
        </file>
        <file name="is-square.ts" path="/Users/wilsonhobbs/Desktop/matrix/src/getters/is-square.ts">
          <metrics statements="3" coveredstatements="3" conditionals="0" coveredconditionals="0" methods="1" coveredmethods="1"/>
          <line num="2" count="5" type="stmt"/>
          <line num="4" count="8" type="stmt"/>
          <line num="6" count="5" type="stmt"/>
        </file>
        <file name="is-symmetric.ts" path="/Users/wilsonhobbs/Desktop/matrix/src/getters/is-symmetric.ts">
          <metrics statements="7" coveredstatements="7" conditionals="2" coveredconditionals="2" methods="1" coveredmethods="1"/>
          <line num="2" count="5" type="stmt"/>
          <line num="4" count="4" type="stmt"/>
          <line num="5" count="9" type="stmt"/>
          <line num="6" count="26" type="cond" truecount="2" falsecount="0"/>
          <line num="7" count="2" type="stmt"/>
          <line num="11" count="2" type="stmt"/>
          <line num="13" count="5" type="stmt"/>
        </file>
      </package>
    </metrics>
  </project>
</coverage>
