{"/Users/wilsonhobbs/Desktop/matrix/src/initial-transforms.ts": {"path":"/Users/wilsonhobbs/Desktop/matrix/src/initial-transforms.ts","statementMap":{"0":{"start":{"line":2,"column":0},"end":{"line":2,"column":62}},"1":{"start":{"line":4,"column":20},"end":{"line":4,"column":36}},"2":{"start":{"line":5,"column":4},"end":{"line":9,"column":7}},"3":{"start":{"line":6,"column":8},"end":{"line":8,"column":9}},"4":{"start":{"line":7,"column":12},"end":{"line":7,"column":146}},"5":{"start":{"line":10,"column":4},"end":{"line":10,"column":16}},"6":{"start":{"line":12,"column":0},"end":{"line":12,"column":50}},"7":{"start":{"line":14,"column":26},"end":{"line":14,"column":50}},"8":{"start":{"line":15,"column":4},"end":{"line":20,"column":7}},"9":{"start":{"line":16,"column":8},"end":{"line":19,"column":9}},"10":{"start":{"line":17,"column":12},"end":{"line":18,"column":141}},"11":{"start":{"line":21,"column":4},"end":{"line":23,"column":5}},"12":{"start":{"line":22,"column":8},"end":{"line":22,"column":40}},"13":{"start":{"line":22,"column":35},"end":{"line":22,"column":38}},"14":{"start":{"line":24,"column":4},"end":{"line":24,"column":18}},"15":{"start":{"line":26,"column":0},"end":{"line":26,"column":52}}},"fnMap":{"0":{"name":"checkMatrixValidity","decl":{"start":{"line":3,"column":9},"end":{"line":3,"column":28}},"loc":{"start":{"line":3,"column":37},"end":{"line":11,"column":1}},"line":3},"1":{"name":"(anonymous_1)","decl":{"start":{"line":5,"column":19},"end":{"line":5,"column":20}},"loc":{"start":{"line":5,"column":35},"end":{"line":9,"column":5}},"line":5},"2":{"name":"transformSimpleArray","decl":{"start":{"line":13,"column":9},"end":{"line":13,"column":29}},"loc":{"start":{"line":13,"column":38},"end":{"line":25,"column":1}},"line":13},"3":{"name":"(anonymous_3)","decl":{"start":{"line":15,"column":19},"end":{"line":15,"column":20}},"loc":{"start":{"line":15,"column":35},"end":{"line":20,"column":5}},"line":15},"4":{"name":"(anonymous_4)","decl":{"start":{"line":22,"column":28},"end":{"line":22,"column":29}},"loc":{"start":{"line":22,"column":35},"end":{"line":22,"column":38}},"line":22}},"branchMap":{"0":{"loc":{"start":{"line":6,"column":8},"end":{"line":8,"column":9}},"type":"if","locations":[{"start":{"line":6,"column":8},"end":{"line":8,"column":9}},{"start":{"line":6,"column":8},"end":{"line":8,"column":9}}],"line":6},"1":{"loc":{"start":{"line":16,"column":8},"end":{"line":19,"column":9}},"type":"if","locations":[{"start":{"line":16,"column":8},"end":{"line":19,"column":9}},{"start":{"line":16,"column":8},"end":{"line":19,"column":9}}],"line":16},"2":{"loc":{"start":{"line":18,"column":17},"end":{"line":18,"column":46}},"type":"cond-expr","locations":[{"start":{"line":18,"column":35},"end":{"line":18,"column":37}},{"start":{"line":18,"column":40},"end":{"line":18,"column":46}}],"line":18},"3":{"loc":{"start":{"line":18,"column":101},"end":{"line":18,"column":138}},"type":"cond-expr","locations":[{"start":{"line":18,"column":119},"end":{"line":18,"column":129}},{"start":{"line":18,"column":132},"end":{"line":18,"column":138}}],"line":18},"4":{"loc":{"start":{"line":21,"column":4},"end":{"line":23,"column":5}},"type":"if","locations":[{"start":{"line":21,"column":4},"end":{"line":23,"column":5}},{"start":{"line":21,"column":4},"end":{"line":23,"column":5}}],"line":21}},"s":{"0":5,"1":9,"2":9,"3":28,"4":1,"5":8,"6":5,"7":11,"8":11,"9":34,"10":2,"11":9,"12":1,"13":3,"14":9,"15":5},"f":{"0":9,"1":28,"2":11,"3":34,"4":3},"b":{"0":[1,27],"1":[2,32],"2":[1,1],"3":[1,1],"4":[1,8]},"inputSourceMap":{"version":3,"file":"initial-transforms.js","sourceRoot":"","sources":["initial-transforms.ts"],"names":[],"mappings":";;AAGA,6BAAoC,MAA2B;IAC3D,IAAI,SAAS,GAAG,MAAM,CAAC,CAAC,CAAC,CAAC,MAAM,CAAC;IACjC,MAAM,CAAC,OAAO,CAAC,CAAC,GAAG,EAAE,KAAK,EAAE,EAAE;QAC1B,EAAE,CAAC,CAAC,GAAG,CAAC,MAAM,IAAI,SAAS,CAAC,CAAC,CAAC;YAC1B,MAAM,IAAI,KAAK,CAAC,MAAM,GAAG,CAAC,KAAK,GAAG,CAAC,CAAC,GAAG,wDAAwD,GAAG,SAAS,GAAG,SAAS,GAAG,GAAG,CAAC,MAAM,CAAC,CAAC;QAC1I,CAAC;IACL,CAAC,CAAC,CAAC;IACH,MAAM,CAAC,IAAI,CAAC;AAChB,CAAC;AARD,kDAQC;AAED,8BAAqC,MAAmB;IACpD,IAAI,eAAe,GAAY,KAAK,CAAC,OAAO,CAAC,MAAM,CAAC,CAAC,CAAC,CAAC,CAAC;IAExD,MAAM,CAAC,OAAO,CAAC,CAAC,GAAG,EAAE,KAAK,EAAE,EAAE;QAC1B,EAAE,CAAC,CAAC,KAAK,CAAC,OAAO,CAAC,GAAG,CAAC,IAAI,eAAe,CAAC,CAAC,CAAC;YACxC,MAAM,IAAI,KAAK,CAAC,wEAAwE;gBACpF,CAAC,eAAe,CAAC,CAAC,CAAC,EAAE,CAAC,CAAC,CAAC,MAAM,CAAC,GAAG,iCAAiC,GAAG,CAAC,KAAK,GAAG,CAAC,CAAC,GAAG,CAAC,eAAe,CAAC,CAAC,CAAC,UAAU,CAAC,CAAC,CAAC,MAAM,CAAC,CAAC,CAAC;QACrI,CAAC;IACL,CAAC,CAAC,CAAC;IAEH,EAAE,CAAC,CAAC,CAAC,eAAe,CAAC,CAAC,CAAC;QACnB,MAAM,GAAG,MAAM,CAAC,GAAG,CAAC,CAAC,CAAS,EAAE,EAAE,CAAC,CAAC,CAAC,CAAC,CAAC,CAAC;IAC5C,CAAC;IAED,MAAM,CAAC,MAA6B,CAAC;AACzC,CAAC;AAfD,oDAeC","sourcesContent":["import { MatrixInput } from './types';\nimport { NestedArray } from './types';\n\nexport function checkMatrixValidity(matrix: NestedArray<number>): boolean {\n    let rowLength = matrix[0].length;\n    matrix.forEach((row, index) => {\n        if (row.length != rowLength) {\n            throw new Error('Row ' + (index + 1) + ' has a mismatched length within the matrix. Expected: ' + rowLength + '. Got: ' + row.length);\n        }\n    });\n    return true;\n}\n\nexport function transformSimpleArray(matrix: MatrixInput): NestedArray<number> {\n    let isComplexMatrix: boolean = Array.isArray(matrix[0]);\n\n    matrix.forEach((row, index) => {\n        if (Array.isArray(row) != isComplexMatrix) {\n            throw new Error('The formats of your matrix entries are not the same. The first row is ' +\n                (isComplexMatrix ? '' : 'not ') + 'an array, but the entry in row ' + (index + 1) + (isComplexMatrix ? ' is not.' : ' is.'));\n        }\n    });\n\n    if (!isComplexMatrix) {\n        matrix = matrix.map((i: number) => [i]);\n    }\n\n    return matrix as NestedArray<number>;\n}\n"]},"_coverageSchema":"332fd63041d2c1bcb487cc26dd0d5f7d97098a6c","hash":"477345679228737ef4c7b123fa33e713248ff912"}
,"/Users/wilsonhobbs/Desktop/matrix/src/matrix.ts": {"path":"/Users/wilsonhobbs/Desktop/matrix/src/matrix.ts","statementMap":{"0":{"start":{"line":2,"column":0},"end":{"line":2,"column":62}},"1":{"start":{"line":3,"column":22},"end":{"line":3,"column":54}},"2":{"start":{"line":4,"column":20},"end":{"line":4,"column":50}},"3":{"start":{"line":5,"column":23},"end":{"line":5,"column":56}},"4":{"start":{"line":6,"column":29},"end":{"line":6,"column":60}},"5":{"start":{"line":9,"column":26},"end":{"line":9,"column":75}},"6":{"start":{"line":10,"column":8},"end":{"line":12,"column":9}},"7":{"start":{"line":11,"column":12},"end":{"line":11,"column":39}},"8":{"start":{"line":15,"column":8},"end":{"line":18,"column":10}},"9":{"start":{"line":21,"column":8},"end":{"line":21,"column":50}},"10":{"start":{"line":24,"column":8},"end":{"line":24,"column":73}},"11":{"start":{"line":27,"column":8},"end":{"line":27,"column":91}},"12":{"start":{"line":30,"column":8},"end":{"line":30,"column":20}},"13":{"start":{"line":33,"column":8},"end":{"line":33,"column":20}},"14":{"start":{"line":36,"column":0},"end":{"line":36,"column":24}}},"fnMap":{"0":{"name":"(anonymous_0)","decl":{"start":{"line":8,"column":4},"end":{"line":8,"column":5}},"loc":{"start":{"line":8,"column":24},"end":{"line":13,"column":5}},"line":8},"1":{"name":"(anonymous_1)","decl":{"start":{"line":14,"column":4},"end":{"line":14,"column":5}},"loc":{"start":{"line":14,"column":21},"end":{"line":19,"column":5}},"line":14},"2":{"name":"(anonymous_2)","decl":{"start":{"line":20,"column":4},"end":{"line":20,"column":5}},"loc":{"start":{"line":20,"column":19},"end":{"line":22,"column":5}},"line":20},"3":{"name":"(anonymous_3)","decl":{"start":{"line":23,"column":4},"end":{"line":23,"column":5}},"loc":{"start":{"line":23,"column":22},"end":{"line":25,"column":5}},"line":23},"4":{"name":"(anonymous_4)","decl":{"start":{"line":26,"column":4},"end":{"line":26,"column":5}},"loc":{"start":{"line":26,"column":21},"end":{"line":28,"column":5}},"line":26},"5":{"name":"(anonymous_5)","decl":{"start":{"line":29,"column":4},"end":{"line":29,"column":5}},"loc":{"start":{"line":29,"column":19},"end":{"line":31,"column":5}},"line":29},"6":{"name":"(anonymous_6)","decl":{"start":{"line":32,"column":4},"end":{"line":32,"column":5}},"loc":{"start":{"line":32,"column":21},"end":{"line":34,"column":5}},"line":32}},"branchMap":{"0":{"loc":{"start":{"line":10,"column":8},"end":{"line":12,"column":9}},"type":"if","locations":[{"start":{"line":10,"column":8},"end":{"line":12,"column":9}},{"start":{"line":10,"column":8},"end":{"line":12,"column":9}}],"line":10},"1":{"loc":{"start":{"line":24,"column":15},"end":{"line":24,"column":72}},"type":"binary-expr","locations":[{"start":{"line":24,"column":15},"end":{"line":24,"column":28}},{"start":{"line":24,"column":32},"end":{"line":24,"column":72}}],"line":24},"2":{"loc":{"start":{"line":27,"column":15},"end":{"line":27,"column":90}},"type":"binary-expr","locations":[{"start":{"line":27,"column":15},"end":{"line":27,"column":28}},{"start":{"line":27,"column":32},"end":{"line":27,"column":48}},{"start":{"line":27,"column":52},"end":{"line":27,"column":90}}],"line":27}},"s":{"0":5,"1":5,"2":5,"3":5,"4":5,"5":11,"6":9,"7":8,"8":3,"9":8,"10":4,"11":2,"12":0,"13":0,"14":5},"f":{"0":11,"1":3,"2":8,"3":4,"4":2,"5":0,"6":0},"b":{"0":[8,0],"1":[4,4],"2":[2,2,1]},"inputSourceMap":{"version":3,"file":"matrix.js","sourceRoot":"","sources":["matrix.ts"],"names":[],"mappings":";;AAAA,uDAAmD;AACnD,mDAA+C;AAC/C,yDAAqD;AACrD,6DAAiF;AAGjF;IAII,YACI,MAAmB;QAEnB,IAAI,WAAW,GAAG,yCAAoB,CAAC,MAAM,CAAC,CAAC;QAC/C,EAAE,CAAC,CAAC,wCAAmB,CAAC,WAAW,CAAC,CAAC,CAAC,CAAC;YACnC,IAAI,CAAC,OAAO,GAAG,WAAW,CAAC;QAC/B,CAAC;IACL,CAAC;IAED,IAAI,UAAU;QACV,MAAM,CAAC;YACH,CAAC,EAAE,IAAI,CAAC,OAAO,CAAC,MAAM;YACtB,CAAC,EAAE,IAAI,CAAC,OAAO,CAAC,CAAC,CAAC,CAAC,MAAM;SAC5B,CAAA;IACL,CAAC;IAED,IAAI,QAAQ;QACR,MAAM,CAAC,oBAAQ,CAAC,IAAI,CAAC,OAAO,CAAC,CAAC;IAClC,CAAC;IAED,IAAI,WAAW;QACX,MAAM,CAAC,IAAI,CAAC,QAAQ,IAAI,0BAAW,CAAC,IAAI,CAAC,OAAO,CAAC,CAAC;IACtD,CAAC;IAED,IAAI,UAAU;QACV,MAAM,CAAC,IAAI,CAAC,QAAQ,IAAI,IAAI,CAAC,WAAW,IAAI,wBAAU,CAAC,IAAI,CAAC,OAAO,CAAC,CAAC;IACzE,CAAC;IAED,IAAI,QAAQ;QACR,MAAM,CAAC,IAAI,CAAC;IAChB,CAAC;IAED,IAAI,UAAU;QACV,MAAM,CAAC,IAAI,CAAC;IAChB,CAAC;CACJ;AAvCD,wBAuCC","sourcesContent":["import { isDiagonal } from './getters/is-diagonal';\nimport { isSquare } from './getters/is-square';\nimport { isSymmetric } from './getters/is-symmetric';\nimport { checkMatrixValidity, transformSimpleArray } from './initial-transforms';\nimport { MatrixInput, NestedArray } from './types';\n\nexport class Matrix {\n\n    private _matrix: NestedArray<number>;\n\n    constructor(\n        matrix: MatrixInput\n    ) {\n        let transformed = transformSimpleArray(matrix);\n        if (checkMatrixValidity(transformed)) {\n            this._matrix = transformed;\n        }\n    }\n\n    get dimensions() {\n        return {\n            r: this._matrix.length,\n            c: this._matrix[0].length\n        }\n    }\n\n    get isSquare(): boolean {\n        return isSquare(this._matrix);\n    }\n\n    get isSymmetric(): boolean {\n        return this.isSquare && isSymmetric(this._matrix);\n    }\n\n    get isDiagonal(): boolean {\n        return this.isSquare && this.isSymmetric && isDiagonal(this._matrix);\n    }\n\n    get isScalar(): boolean {\n        return true;\n    }\n\n    get isIdentity(): boolean {\n        return true;\n    }\n}\n"]},"_coverageSchema":"332fd63041d2c1bcb487cc26dd0d5f7d97098a6c","hash":"5275b8274e24786f34045e8cc13685355fbeec29"}
,"/Users/wilsonhobbs/Desktop/matrix/src/getters/is-diagonal.ts": {"path":"/Users/wilsonhobbs/Desktop/matrix/src/getters/is-diagonal.ts","statementMap":{"0":{"start":{"line":2,"column":0},"end":{"line":2,"column":62}},"1":{"start":{"line":4,"column":4},"end":{"line":10,"column":5}},"2":{"start":{"line":5,"column":8},"end":{"line":9,"column":9}},"3":{"start":{"line":6,"column":12},"end":{"line":8,"column":13}},"4":{"start":{"line":7,"column":16},"end":{"line":7,"column":29}},"5":{"start":{"line":11,"column":4},"end":{"line":11,"column":16}},"6":{"start":{"line":13,"column":0},"end":{"line":13,"column":32}}},"fnMap":{"0":{"name":"isDiagonal","decl":{"start":{"line":3,"column":9},"end":{"line":3,"column":19}},"loc":{"start":{"line":3,"column":28},"end":{"line":12,"column":1}},"line":3}},"branchMap":{"0":{"loc":{"start":{"line":6,"column":12},"end":{"line":8,"column":13}},"type":"if","locations":[{"start":{"line":6,"column":12},"end":{"line":8,"column":13}},{"start":{"line":6,"column":12},"end":{"line":8,"column":13}}],"line":6},"1":{"loc":{"start":{"line":6,"column":16},"end":{"line":6,"column":43}},"type":"binary-expr","locations":[{"start":{"line":6,"column":16},"end":{"line":6,"column":22}},{"start":{"line":6,"column":26},"end":{"line":6,"column":43}}],"line":6}},"s":{"0":5,"1":1,"2":3,"3":9,"4":0,"5":1,"6":5},"f":{"0":1},"b":{"0":[0,9],"1":[9,6]},"inputSourceMap":{"version":3,"file":"is-diagonal.js","sourceRoot":"","sources":["is-diagonal.ts"],"names":[],"mappings":";;AAIA,oBAA2B,MAA2B;IAClD,GAAG,CAAC,CAAC,IAAI,CAAC,GAAG,CAAC,EAAE,CAAC,GAAG,MAAM,CAAC,MAAM,EAAE,CAAC,EAAE,EAAE,CAAC;QACrC,GAAG,CAAC,CAAC,IAAI,CAAC,GAAG,CAAC,EAAE,CAAC,GAAG,MAAM,CAAC,CAAC,CAAC,CAAC,MAAM,EAAE,CAAC,EAAE,EAAE,CAAC;YACxC,EAAE,CAAC,CAAC,CAAC,IAAI,CAAC,IAAI,MAAM,CAAC,CAAC,CAAC,CAAC,CAAC,CAAC,IAAI,CAAC,CAAC,CAAC,CAAC;gBAC9B,MAAM,CAAC,KAAK,CAAC;YACjB,CAAC;QACL,CAAC;IACL,CAAC;IACD,MAAM,CAAC,IAAI,CAAC;AAChB,CAAC;AATD,gCASC","sourcesContent":["import { NestedArray } from \"../types\";\nimport { isSquare } from \"./is-square\";\nimport { isSymmetric } from \"./is-symmetric\";\n\nexport function isDiagonal(matrix: NestedArray<number>): boolean {\n    for (let i = 0; i < matrix.length; i++) {\n        for (let j = 0; j < matrix[0].length; j++) {\n            if (i != j && matrix[i][j] != 0) {\n                return false;\n            }\n        }\n    }\n    return true;\n}\n"]},"_coverageSchema":"332fd63041d2c1bcb487cc26dd0d5f7d97098a6c","hash":"ee4efcc3d95e307b2e3cce0d3f650ba0721bdbd1"}
,"/Users/wilsonhobbs/Desktop/matrix/src/getters/is-square.ts": {"path":"/Users/wilsonhobbs/Desktop/matrix/src/getters/is-square.ts","statementMap":{"0":{"start":{"line":2,"column":0},"end":{"line":2,"column":62}},"1":{"start":{"line":4,"column":4},"end":{"line":4,"column":45}},"2":{"start":{"line":6,"column":0},"end":{"line":6,"column":28}}},"fnMap":{"0":{"name":"isSquare","decl":{"start":{"line":3,"column":9},"end":{"line":3,"column":17}},"loc":{"start":{"line":3,"column":26},"end":{"line":5,"column":1}},"line":3}},"branchMap":{},"s":{"0":5,"1":8,"2":5},"f":{"0":8},"b":{},"inputSourceMap":{"version":3,"file":"is-square.js","sourceRoot":"","sources":["is-square.ts"],"names":[],"mappings":";;AAEA,kBAAyB,MAA2B;IAChD,MAAM,CAAC,MAAM,CAAC,MAAM,IAAI,MAAM,CAAC,CAAC,CAAC,CAAC,MAAM,CAAA;AAC5C,CAAC;AAFD,4BAEC","sourcesContent":["import { NestedArray } from \"../types\";\n\nexport function isSquare(matrix: NestedArray<number>) {\n    return matrix.length == matrix[0].length\n}\n"]},"_coverageSchema":"332fd63041d2c1bcb487cc26dd0d5f7d97098a6c","hash":"8e3ac7c8211015de3972046c42d6245dfa14c782"}
,"/Users/wilsonhobbs/Desktop/matrix/src/getters/is-symmetric.ts": {"path":"/Users/wilsonhobbs/Desktop/matrix/src/getters/is-symmetric.ts","statementMap":{"0":{"start":{"line":2,"column":0},"end":{"line":2,"column":62}},"1":{"start":{"line":4,"column":4},"end":{"line":10,"column":5}},"2":{"start":{"line":5,"column":8},"end":{"line":9,"column":9}},"3":{"start":{"line":6,"column":12},"end":{"line":8,"column":13}},"4":{"start":{"line":7,"column":16},"end":{"line":7,"column":29}},"5":{"start":{"line":11,"column":4},"end":{"line":11,"column":16}},"6":{"start":{"line":13,"column":0},"end":{"line":13,"column":34}}},"fnMap":{"0":{"name":"isSymmetric","decl":{"start":{"line":3,"column":9},"end":{"line":3,"column":20}},"loc":{"start":{"line":3,"column":29},"end":{"line":12,"column":1}},"line":3}},"branchMap":{"0":{"loc":{"start":{"line":6,"column":12},"end":{"line":8,"column":13}},"type":"if","locations":[{"start":{"line":6,"column":12},"end":{"line":8,"column":13}},{"start":{"line":6,"column":12},"end":{"line":8,"column":13}}],"line":6}},"s":{"0":5,"1":4,"2":9,"3":26,"4":2,"5":2,"6":5},"f":{"0":4},"b":{"0":[2,24]},"inputSourceMap":{"version":3,"file":"is-symmetric.js","sourceRoot":"","sources":["is-symmetric.ts"],"names":[],"mappings":";;AAGA,qBAA4B,MAA2B;IACnD,GAAG,CAAC,CAAC,IAAI,CAAC,GAAG,CAAC,EAAE,CAAC,GAAG,MAAM,CAAC,MAAM,EAAE,CAAC,EAAE,EAAE,CAAC;QACrC,GAAG,CAAC,CAAC,IAAI,CAAC,GAAG,CAAC,EAAE,CAAC,GAAG,MAAM,CAAC,CAAC,CAAC,CAAC,MAAM,EAAE,CAAC,EAAE,EAAE,CAAC;YACxC,EAAE,CAAC,CAAC,MAAM,CAAC,CAAC,CAAC,CAAC,CAAC,CAAC,IAAI,MAAM,CAAC,CAAC,CAAC,CAAC,CAAC,CAAC,CAAC,CAAC,CAAC;gBAC/B,MAAM,CAAC,KAAK,CAAC;YACjB,CAAC;QACL,CAAC;IACL,CAAC;IACD,MAAM,CAAC,IAAI,CAAC;AAChB,CAAC;AATD,kCASC","sourcesContent":["import { NestedArray } from \"../types\";\nimport { isSquare } from \"./is-square\";\n\nexport function isSymmetric(matrix: NestedArray<number>): boolean {\n    for (let i = 0; i < matrix.length; i++) {\n        for (let j = 0; j < matrix[0].length; j++) {\n            if (matrix[i][j] != matrix[j][i]) {\n                return false;\n            }\n        }\n    }\n    return true;\n}\n"]},"_coverageSchema":"332fd63041d2c1bcb487cc26dd0d5f7d97098a6c","hash":"cae4009e32c6c1976f13d0bc234792dd85572236"}
}
