TN:
SF:/Users/wilsonhobbs/Desktop/matrix/src/initial-transforms.ts
FN:3,checkMatrixValidity
FN:5,(anonymous_1)
FN:13,transformSimpleArray
FN:15,(anonymous_3)
FN:22,(anonymous_4)
FNF:5
FNH:5
FNDA:9,checkMatrixValidity
FNDA:28,(anonymous_1)
FNDA:11,transformSimpleArray
FNDA:34,(anonymous_3)
FNDA:3,(anonymous_4)
DA:2,5
DA:4,9
DA:5,9
DA:6,28
DA:7,1
DA:10,8
DA:12,5
DA:14,11
DA:15,11
DA:16,34
DA:17,2
DA:21,9
DA:22,3
DA:24,9
DA:26,5
LF:15
LH:15
BRDA:6,0,0,1
BRDA:6,0,1,27
BRDA:16,1,0,2
BRDA:16,1,1,32
BRDA:18,2,0,1
BRDA:18,2,1,1
BRDA:18,3,0,1
BRDA:18,3,1,1
BRDA:21,4,0,1
BRDA:21,4,1,8
BRF:10
BRH:10
end_of_record
TN:
SF:/Users/wilsonhobbs/Desktop/matrix/src/matrix.ts
FN:8,(anonymous_0)
FN:14,(anonymous_1)
FN:20,(anonymous_2)
FN:23,(anonymous_3)
FN:26,(anonymous_4)
FN:29,(anonymous_5)
FN:32,(anonymous_6)
FNF:7
FNH:5
FNDA:11,(anonymous_0)
FNDA:3,(anonymous_1)
FNDA:8,(anonymous_2)
FNDA:4,(anonymous_3)
FNDA:2,(anonymous_4)
FNDA:0,(anonymous_5)
FNDA:0,(anonymous_6)
DA:2,5
DA:3,5
DA:4,5
DA:5,5
DA:6,5
DA:9,11
DA:10,9
DA:11,8
DA:15,3
DA:21,8
DA:24,4
DA:27,2
DA:30,0
DA:33,0
DA:36,5
LF:15
LH:13
BRDA:10,0,0,8
BRDA:10,0,1,0
BRDA:24,1,0,4
BRDA:24,1,1,4
BRDA:27,2,0,2
BRDA:27,2,1,2
BRDA:27,2,2,1
BRF:7
BRH:6
end_of_record
TN:
SF:/Users/wilsonhobbs/Desktop/matrix/src/getters/is-diagonal.ts
FN:3,isDiagonal
FNF:1
FNH:1
FNDA:1,isDiagonal
DA:2,5
DA:4,1
DA:5,3
DA:6,9
DA:7,0
DA:11,1
DA:13,5
LF:7
LH:6
BRDA:6,0,0,0
BRDA:6,0,1,9
BRDA:6,1,0,9
BRDA:6,1,1,6
BRF:4
BRH:3
end_of_record
TN:
SF:/Users/wilsonhobbs/Desktop/matrix/src/getters/is-square.ts
FN:3,isSquare
FNF:1
FNH:1
FNDA:8,isSquare
DA:2,5
DA:4,8
DA:6,5
LF:3
LH:3
BRF:0
BRH:0
end_of_record
TN:
SF:/Users/wilsonhobbs/Desktop/matrix/src/getters/is-symmetric.ts
FN:3,isSymmetric
FNF:1
FNH:1
FNDA:4,isSymmetric
DA:2,5
DA:4,4
DA:5,9
DA:6,26
DA:7,2
DA:11,2
DA:13,5
LF:7
LH:7
BRDA:6,0,0,2
BRDA:6,0,1,24
BRF:2
BRH:2
end_of_record
